#
# A fatal error has been detected by the Java Runtime Environment:
#
#  EXCEPTION_ACCESS_VIOLATION (0xc0000005) at pc=0x0000000066a063f2, pid=864, tid=8320
#
# JRE version: Java(TM) SE Runtime Environment (8.0-b99) (build 1.8.0-ea-b99)
# Java VM: Java HotSpot(TM) 64-Bit Server VM (25.0-b41 mixed mode windows-amd64 compressed oops)
# Problematic frame:
# V  [jvm.dll+0x1463f2]
#
# Failed to write core dump. Minidumps are not enabled by default on client versions of Windows
#
# If you would like to submit a bug report, please visit:
#   http://bugreport.sun.com/bugreport/crash.jsp
#

---------------  T H R E A D  ---------------

Current thread (0x000000000bf15000):  JavaThread "JavaFX Application Thread" [_thread_in_vm, id=8320, stack(0x000000000c440000,0x000000000c540000)]

siginfo: ExceptionCode=0xc0000005, reading address 0x0000000000000000

Registers:
RAX=0x0000000000000000, RBX=0x000000000bf15000, RCX=0x0000000000000500, RDX=0x0000000000000000
RSP=0x000000000c52f3a0, RBP=0x000000000bf151e0, RSI=0x0000000000000000, RDI=0x0000000000000000
R8 =0x0000000000000000, R9 =0x0000000000000001, R10=0x00000000029fe310, R11=0x0000000066fe27e0
R12=0x0000000000000100, R13=0x0000000000000100, R14=0x0000000000000000, R15=0x000000000edcf380
RIP=0x0000000066a063f2, EFLAGS=0x0000000000010246

Top of Stack: (sp=0x000000000c52f3a0)
0x000000000c52f3a0:   0000000000000100 0000000000000100
0x000000000c52f3b0:   000000000bf151e0 00000000619fdfdf
0x000000000c52f3c0:   000000000bf15000 0000000000000000
0x000000000c52f3d0:   0000000015794b90 0000000015794b90
0x000000000c52f3e0:   0000000015794b90 00000000619d35d9
0x000000000c52f3f0:   000000000bf2bdc0 000000000bf151e0
0x000000000c52f400:   000000000c12c570 000000000bf2bdc0
0x000000000c52f410:   000000000bf151e0 0000000000000000
0x000000000c52f420:   fffffffffffffffe 000000000c12c570
0x000000000c52f430:   0000000000000000 00000000619bea20
0x000000000c52f440:   000000000edcf380 0000000000002000
0x000000000c52f450:   0000000000000100 0000000015900c90
0x000000000c52f460:   0000000015794b90 00000000619bf459
0x000000000c52f470:   0000000000000000 0000000000000000
0x000000000c52f480:   000000000c52f570 0000000000000100
0x000000000c52f490:   0000000000000100 000000000bf2bdc0 

Instructions: (pc=0x0000000066a063f2)
0x0000000066a063d2:   48 8b cb e8 76 28 f8 ff eb 06 ff 83 a8 02 00 00
0x0000000066a063e2:   48 85 ff 74 03 c6 07 00 44 0f b6 0d f7 c9 63 00
0x0000000066a063f2:   4c 8b 06 8b 0d 2d bf 5d 00 48 8b 15 1e bf 5d 00
0x0000000066a06402:   45 84 c9 74 0c 41 8b 40 08 48 d3 e0 48 03 c2 eb 


Register to memory mapping:

RAX=0x0000000000000000 is an unknown value
RBX=0x000000000bf15000 is a thread
RCX=0x0000000000000500 is an unknown value
RDX=0x0000000000000000 is an unknown value
RSP=0x000000000c52f3a0 is pointing into the stack for thread: 0x000000000bf15000
RBP=0x000000000bf151e0 is an unknown value
RSI=0x0000000000000000 is an unknown value
RDI=0x0000000000000000 is an unknown value
R8 =0x0000000000000000 is an unknown value
R9 =0x0000000000000001 is an unknown value
R10=0x00000000029fe310 is an unknown value
R11=0x0000000066fe27e0 is an unknown value
R12=0x0000000000000100 is an unknown value
R13=0x0000000000000100 is an unknown value
R14=0x0000000000000000 is an unknown value
R15=0x000000000edcf380 is an unknown value


Stack: [0x000000000c440000,0x000000000c540000],  sp=0x000000000c52f3a0,  free space=956k
Native frames: (J=compiled Java code, j=interpreted, Vv=VM code, C=native code)
V  [jvm.dll+0x1463f2]

Java frames: (J=compiled Java code, j=interpreted, Vv=VM code)
j  com.sun.webkit.WebPage.twkPrePaint(J)V+0
j  com.sun.webkit.WebPage.updateDirty(Lcom/sun/webkit/graphics/WCRectangle;)V+117
j  com.sun.webkit.WebPage.updateContent(Lcom/sun/webkit/graphics/WCRectangle;)V+38
j  com.sun.javafx.sg.prism.NGWebView.update()V+68
j  javafx.scene.web.WebView.handleStagePulse()V+78
j  javafx.scene.web.WebView.access$300(Ljavafx/scene/web/WebView;)V+1
j  javafx.scene.web.WebView$3.pulse()V+4
j  com.sun.javafx.tk.Toolkit.firePulse()V+115
j  com.sun.javafx.tk.quantum.QuantumToolkit.pulse(Z)V+79
j  com.sun.javafx.tk.quantum.QuantumToolkit.pulse()V+2
j  com.sun.javafx.tk.quantum.QuantumToolkit$16.run()V+4
j  com.sun.glass.ui.InvokeLaterDispatcher$Future.run()V+4
v  ~StubRoutines::call_stub
j  com.sun.glass.ui.win.WinApplication._runLoop(Ljava/lang/Runnable;)V+0
j  com.sun.glass.ui.win.WinApplication.access$300(Lcom/sun/glass/ui/win/WinApplication;Ljava/lang/Runnable;)V+2
j  com.sun.glass.ui.win.WinApplication$3$1.run()V+25
j  java.lang.Thread.run()V+11
v  ~StubRoutines::call_stub

---------------  P R O C E S S  ---------------

Java Threads: ( => current thread )
  0x000000000ed92800 JavaThread "URL-Loader-12" daemon [_thread_in_native, id=9056, stack(0x0000000017fa0000,0x00000000180a0000)]
  0x000000000ed99000 JavaThread "URL-Loader-11" daemon [_thread_blocked, id=9048, stack(0x0000000016380000,0x0000000016480000)]
  0x000000000ed98000 JavaThread "URL-Loader-10" daemon [_thread_blocked, id=2184, stack(0x0000000017e40000,0x0000000017f40000)]
  0x000000000ed90000 JavaThread "URL-Loader-9" daemon [_thread_blocked, id=7196, stack(0x0000000016c80000,0x0000000016d80000)]
  0x000000000ed97800 JavaThread "URL-Loader-8" daemon [_thread_blocked, id=8740, stack(0x0000000016b70000,0x0000000016c70000)]
  0x000000000ed95000 JavaThread "URL-Loader-7" daemon [_thread_blocked, id=8488, stack(0x0000000016900000,0x0000000016a00000)]
  0x000000000ed8e800 JavaThread "URL-Loader-6" daemon [_thread_blocked, id=7388, stack(0x0000000014e50000,0x0000000014f50000)]
  0x000000000ed8e000 JavaThread "URL-Loader-5" daemon [_thread_blocked, id=8528, stack(0x0000000014c30000,0x0000000014d30000)]
  0x000000000ed8d000 JavaThread "URL-Loader-4" daemon [_thread_blocked, id=8188, stack(0x0000000013e50000,0x0000000013f50000)]
  0x000000000ed6b800 JavaThread "URL-Loader-3" daemon [_thread_blocked, id=7672, stack(0x0000000014980000,0x0000000014a80000)]
  0x000000000edf9800 JavaThread "Prism Font Disposer" daemon [_thread_blocked, id=8476, stack(0x0000000014af0000,0x0000000014bf0000)]
  0x000000000ec40800 JavaThread "URL-Loader-2" daemon [_thread_blocked, id=5484, stack(0x0000000014480000,0x0000000014580000)]
  0x000000000c1ad800 JavaThread "Keep-Alive-Timer" daemon [_thread_blocked, id=8260, stack(0x0000000013f80000,0x0000000014080000)]
  0x000000000c175000 JavaThread "URL-Loader-1" daemon [_thread_blocked, id=7240, stack(0x000000000f170000,0x000000000f270000)]
  0x000000000c118000 JavaThread "Disposer" daemon [_thread_blocked, id=6760, stack(0x000000000e460000,0x000000000e560000)]
  0x000000000c102800 JavaThread "Thread-3" daemon [_thread_in_native, id=8988, stack(0x000000000e0b0000,0x000000000e1b0000)]
  0x000000000bf87000 JavaThread "JavaFX-Launcher" [_thread_blocked, id=8060, stack(0x000000000e230000,0x000000000e330000)]
=>0x000000000bf15000 JavaThread "JavaFX Application Thread" [_thread_in_vm, id=8320, stack(0x000000000c440000,0x000000000c540000)]
  0x000000000bf24000 JavaThread "Thread-1" daemon [_thread_blocked, id=6568, stack(0x000000000c6c0000,0x000000000c7c0000)]
  0x000000000bf09800 JavaThread "QuantumRenderer-0" daemon [_thread_blocked, id=8496, stack(0x000000000b800000,0x000000000b900000)]
  0x000000000a08a000 JavaThread "Service Thread" daemon [_thread_blocked, id=7680, stack(0x000000000ba90000,0x000000000bb90000)]
  0x000000000a088000 JavaThread "C2 CompilerThread1" daemon [_thread_in_native, id=7796, stack(0x000000000b960000,0x000000000ba60000)]
  0x000000000a084000 JavaThread "C2 CompilerThread0" daemon [_thread_blocked, id=8116, stack(0x000000000b5b0000,0x000000000b6b0000)]
  0x000000000a082800 JavaThread "Attach Listener" daemon [_thread_blocked, id=8000, stack(0x000000000b6f0000,0x000000000b7f0000)]
  0x000000000a07f800 JavaThread "Signal Dispatcher" daemon [_thread_blocked, id=8688, stack(0x000000000b210000,0x000000000b310000)]
  0x000000000a031800 JavaThread "Finalizer" daemon [_thread_blocked, id=2836, stack(0x000000000b450000,0x000000000b550000)]
  0x000000000a02a800 JavaThread "Reference Handler" daemon [_thread_blocked, id=3996, stack(0x000000000b350000,0x000000000b450000)]
  0x00000000022ad800 JavaThread "main" [_thread_blocked, id=8944, stack(0x0000000002610000,0x0000000002710000)]

Other Threads:
  0x000000000a026800 VMThread [stack: 0x000000000b0f0000,0x000000000b1f0000] [id=8836]
  0x000000000a09c000 WatcherThread [stack: 0x000000000bd00000,0x000000000be00000] [id=6944]

VM state:not at safepoint (normal execution)

VM Mutex/Monitor currently owned by a thread: None

Heap:
 PSYoungGen      total 103424K, used 24540K [0x00000000e0800000, 0x00000000ed500000, 0x0000000100000000)
  eden space 100352K, 21% used [0x00000000e0800000,0x00000000e1cfd0d8,0x00000000e6a00000)
  from space 3072K, 99% used [0x00000000e6a00000,0x00000000e6cfa2c0,0x00000000e6d00000)
  to   space 4608K, 0% used [0x00000000ed080000,0x00000000ed080000,0x00000000ed500000)
 ParOldGen       total 64512K, used 3060K [0x00000000a1800000, 0x00000000a5700000, 0x00000000e0800000)
  object space 64512K, 4% used [0x00000000a1800000,0x00000000a1afd168,0x00000000a5700000)
 Metaspace total 19094K, used 18842K, reserved 120832K
  data space     16344K, used 16169K, reserved 18432K
  class space    2750K, used 2673K, reserved 102400K

Card table byte_map: [0x00000000061e0000,0x00000000064e0000] byte_map_base: 0x0000000005cd4000

Marking Bits: (ParMarkBitMap*) 0x000000006704bd30
 Begin Bits: [0x0000000006c60000, 0x0000000008400000)
 End Bits:   [0x0000000008400000, 0x0000000009ba0000)

Polling page: 0x0000000000120000

CodeCache: size=49152Kb used=1118Kb max_used=1132Kb free=48033Kb
 bounds [0x00000000031e0000, 0x0000000003450000, 0x00000000061e0000]
 total_blobs=885 nmethods=224 adapters=614
 compilation: enabled

Compilation events (10 events):
Event: 5.522 Thread 0x000000000a088000 nmethod 227 0x00000000032f52d0 code [0x00000000032f5420, 0x00000000032f55e8]
Event: 6.137 Thread 0x000000000a084000  228             java.net.URI$Parser::scan (50 bytes)
Event: 6.148 Thread 0x000000000a084000 nmethod 228 0x00000000032f4c10 code [0x00000000032f4d60, 0x00000000032f5118]
Event: 6.148 Thread 0x000000000a088000  229             com.sun.javafx.font.FontFileReader$Buffer::getInt (107 bytes)
Event: 6.150 Thread 0x000000000a088000 nmethod 229 0x00000000032f48d0 code [0x00000000032f4a20, 0x00000000032f4b18]
Event: 6.150 Thread 0x000000000a088000  230             com.sun.javafx.font.FontFileReader$Buffer::getChar (52 bytes)
Event: 6.151 Thread 0x000000000a088000 nmethod 230 0x00000000032f45d0 code [0x00000000032f4720, 0x00000000032f47f8]
Event: 6.151 Thread 0x000000000a088000  231             com.sun.javafx.font.CMap$CMapFormat4::<init> (314 bytes)
Event: 6.157 Thread 0x000000000a084000  232             sun.nio.cs.SingleByte$Encoder::encodeArrayLoop (236 bytes)
Event: 6.175 Thread 0x000000000a084000 nmethod 232 0x00000000032f8710 code [0x00000000032f88e0, 0x00000000032f8fe0]

GC Heap History (10 events):
Event: 1.568 GC heap before
{Heap before GC invocations=3 (full 0):
 PSYoungGen      total 28672K, used 27699K [0x00000000e0800000, 0x00000000e4000000, 0x0000000100000000)
  eden space 25088K, 99% used [0x00000000e0800000,0x00000000e206bcd0,0x00000000e2080000)
  from space 3584K, 75% used [0x00000000e2400000,0x00000000e26a1278,0x00000000e2780000)
  to   space 3584K, 0% used [0x00000000e2080000,0x00000000e2080000,0x00000000e2400000)
 ParOldGen       total 64512K, used 8K [0x00000000a1800000, 0x00000000a5700000, 0x00000000e0800000)
  object space 64512K, 0% used [0x00000000a1800000,0x00000000a1802000,0x00000000a5700000)
 Metaspace total 12270K, used 12103K, reserved 114688K
  data space     10524K, used 10413K, reserved 12288K
  class space    1746K, used 1690K, reserved 102400K
Event: 1.571 GC heap after
Heap after GC invocations=3 (full 0):
 PSYoungGen      total 28672K, used 2747K [0x00000000e0800000, 0x00000000e4000000, 0x0000000100000000)
  eden space 25088K, 0% used [0x00000000e0800000,0x00000000e0800000,0x00000000e2080000)
  from space 3584K, 76% used [0x00000000e2080000,0x00000000e232ed50,0x00000000e2400000)
  to   space 3584K, 0% used [0x00000000e3c80000,0x00000000e3c80000,0x00000000e4000000)
 ParOldGen       total 64512K, used 8K [0x00000000a1800000, 0x00000000a5700000, 0x00000000e0800000)
  object space 64512K, 0% used [0x00000000a1800000,0x00000000a1802000,0x00000000a5700000)
 Metaspace total 12270K, used 12103K, reserved 114688K
  data space     10524K, used 10413K, reserved 12288K
  class space    1746K, used 1690K, reserved 102400K
}
Event: 1.578 GC heap before
{Heap before GC invocations=4 (full 0):
 PSYoungGen      total 28672K, used 27788K [0x00000000e0800000, 0x00000000e4000000, 0x0000000100000000)
  eden space 25088K, 99% used [0x00000000e0800000,0x00000000e2074368,0x00000000e2080000)
  from space 3584K, 76% used [0x00000000e2080000,0x00000000e232ed50,0x00000000e2400000)
  to   space 3584K, 0% used [0x00000000e3c80000,0x00000000e3c80000,0x00000000e4000000)
 ParOldGen       total 64512K, used 8K [0x00000000a1800000, 0x00000000a5700000, 0x00000000e0800000)
  object space 64512K, 0% used [0x00000000a1800000,0x00000000a1802000,0x00000000a5700000)
 Metaspace total 12270K, used 12103K, reserved 114688K
  data space     10524K, used 10413K, reserved 12288K
  class space    1746K, used 1690K, reserved 102400K
Event: 1.582 GC heap after
Heap after GC invocations=4 (full 0):
 PSYoungGen      total 53760K, used 2733K [0x00000000e0800000, 0x00000000e4000000, 0x0000000100000000)
  eden space 50176K, 0% used [0x00000000e0800000,0x00000000e0800000,0x00000000e3900000)
  from space 3584K, 76% used [0x00000000e3c80000,0x00000000e3f2b5e0,0x00000000e4000000)
  to   space 3584K, 0% used [0x00000000e3900000,0x00000000e3900000,0x00000000e3c80000)
 ParOldGen       total 64512K, used 8K [0x00000000a1800000, 0x00000000a5700000, 0x00000000e0800000)
  object space 64512K, 0% used [0x00000000a1800000,0x00000000a1802000,0x00000000a5700000)
 Metaspace total 12270K, used 12103K, reserved 114688K
  data space     10524K, used 10413K, reserved 12288K
  class space    1746K, used 1690K, reserved 102400K
}
Event: 1.600 GC heap before
{Heap before GC invocations=5 (full 0):
 PSYoungGen      total 53760K, used 52877K [0x00000000e0800000, 0x00000000e4000000, 0x0000000100000000)
  eden space 50176K, 99% used [0x00000000e0800000,0x00000000e38f7f78,0x00000000e3900000)
  from space 3584K, 76% used [0x00000000e3c80000,0x00000000e3f2b5e0,0x00000000e4000000)
  to   space 3584K, 0% used [0x00000000e3900000,0x00000000e3900000,0x00000000e3c80000)
 ParOldGen       total 64512K, used 8K [0x00000000a1800000, 0x00000000a5700000, 0x00000000e0800000)
  object space 64512K, 0% used [0x00000000a1800000,0x00000000a1802000,0x00000000a5700000)
 Metaspace total 12270K, used 12103K, reserved 114688K
  data space     10524K, used 10413K, reserved 12288K
  class space    1746K, used 1690K, reserved 102400K
Event: 1.604 GC heap after
Heap after GC invocations=5 (full 0):
 PSYoungGen      total 53760K, used 2794K [0x00000000e0800000, 0x00000000e7000000, 0x0000000100000000)
  eden space 50176K, 0% used [0x00000000e0800000,0x00000000e0800000,0x00000000e3900000)
  from space 3584K, 77% used [0x00000000e3900000,0x00000000e3bbaa08,0x00000000e3c80000)
  to   space 3072K, 0% used [0x00000000e6d00000,0x00000000e6d00000,0x00000000e7000000)
 ParOldGen       total 64512K, used 8K [0x00000000a1800000, 0x00000000a5700000, 0x00000000e0800000)
  object space 64512K, 0% used [0x00000000a1800000,0x00000000a1802000,0x00000000a5700000)
 Metaspace total 12270K, used 12103K, reserved 114688K
  data space     10524K, used 10413K, reserved 12288K
  class space    1746K, used 1690K, reserved 102400K
}
Event: 1.617 GC heap before
{Heap before GC invocations=6 (full 0):
 PSYoungGen      total 53760K, used 52921K [0x00000000e0800000, 0x00000000e7000000, 0x0000000100000000)
  eden space 50176K, 99% used [0x00000000e0800000,0x00000000e38f3b50,0x00000000e3900000)
  from space 3584K, 77% used [0x00000000e3900000,0x00000000e3bbaa08,0x00000000e3c80000)
  to   space 3072K, 0% used [0x00000000e6d00000,0x00000000e6d00000,0x00000000e7000000)
 ParOldGen       total 64512K, used 8K [0x00000000a1800000, 0x00000000a5700000, 0x00000000e0800000)
  object space 64512K, 0% used [0x00000000a1800000,0x00000000a1802000,0x00000000a5700000)
 Metaspace total 12270K, used 12103K, reserved 114688K
  data space     10524K, used 10413K, reserved 12288K
  class space    1746K, used 1690K, reserved 102400K
Event: 1.620 GC heap after
Heap after GC invocations=6 (full 0):
 PSYoungGen      total 103424K, used 2786K [0x00000000e0800000, 0x00000000e7000000, 0x0000000100000000)
  eden space 100352K, 0% used [0x00000000e0800000,0x00000000e0800000,0x00000000e6a00000)
  from space 3072K, 90% used [0x00000000e6d00000,0x00000000e6fb8960,0x00000000e7000000)
  to   space 3072K, 0% used [0x00000000e6a00000,0x00000000e6a00000,0x00000000e6d00000)
 ParOldGen       total 64512K, used 8K [0x00000000a1800000, 0x00000000a5700000, 0x00000000e0800000)
  object space 64512K, 0% used [0x00000000a1800000,0x00000000a1802000,0x00000000a5700000)
 Metaspace total 12270K, used 12103K, reserved 114688K
  data space     10524K, used 10413K, reserved 12288K
  class space    1746K, used 1690K, reserved 102400K
}
Event: 2.314 GC heap before
{Heap before GC invocations=7 (full 0):
 PSYoungGen      total 103424K, used 103138K [0x00000000e0800000, 0x00000000e7000000, 0x0000000100000000)
  eden space 100352K, 100% used [0x00000000e0800000,0x00000000e6a00000,0x00000000e6a00000)
  from space 3072K, 90% used [0x00000000e6d00000,0x00000000e6fb8960,0x00000000e7000000)
  to   space 3072K, 0% used [0x00000000e6a00000,0x00000000e6a00000,0x00000000e6d00000)
 ParOldGen       total 64512K, used 8K [0x00000000a1800000, 0x00000000a5700000, 0x00000000e0800000)
  object space 64512K, 0% used [0x00000000a1800000,0x00000000a1802000,0x00000000a5700000)
 Metaspace total 15922K, used 15681K, reserved 118784K
  data space     13754K, used 13574K, reserved 16384K
  class space    2168K, used 2106K, reserved 102400K
Event: 2.323 GC heap after
Heap after GC invocations=7 (full 0):
 PSYoungGen      total 103424K, used 3048K [0x00000000e0800000, 0x00000000ed500000, 0x0000000100000000)
  eden space 100352K, 0% used [0x00000000e0800000,0x00000000e0800000,0x00000000e6a00000)
  from space 3072K, 99% used [0x00000000e6a00000,0x00000000e6cfa2c0,0x00000000e6d00000)
  to   space 4608K, 0% used [0x00000000ed080000,0x00000000ed080000,0x00000000ed500000)
 ParOldGen       total 64512K, used 3060K [0x00000000a1800000, 0x00000000a5700000, 0x00000000e0800000)
  object space 64512K, 4% used [0x00000000a1800000,0x00000000a1afd168,0x00000000a5700000)
 Metaspace total 15922K, used 15681K, reserved 118784K
  data space     13754K, used 13574K, reserved 16384K
  class space    2168K, used 2106K, reserved 102400K
}

Deoptimization events (10 events):
Event: 2.551 Thread 0x000000000bf15000 Uncommon trap: reason=class_check action=maybe_recompile pc=0x0000000003289a74 method=java.io.FilterInputStream.read()I @ 4
Event: 2.551 Thread 0x000000000bf15000 Uncommon trap: reason=class_check action=maybe_recompile pc=0x0000000003289a74 method=java.io.FilterInputStream.read()I @ 4
Event: 2.551 Thread 0x000000000bf15000 Uncommon trap: reason=class_check action=maybe_recompile pc=0x0000000003289a74 method=java.io.FilterInputStream.read()I @ 4
Event: 2.777 Thread 0x000000000ec40800 Uncommon trap: reason=predicate action=maybe_recompile pc=0x00000000032dd444 method=sun.security.provider.DigestBase.engineUpdate([BII)V @ 144
Event: 2.799 Thread 0x000000000ec40800 Uncommon trap: reason=null_check action=make_not_entrant pc=0x00000000032e57e0 method=java.util.jar.JarFile.getJarEntry(Ljava/lang/String;)Ljava/util/jar/JarEntry; @ 5
Event: 2.800 Thread 0x000000000ec40800 Uncommon trap: reason=null_check action=make_not_entrant pc=0x00000000032ec2fc method=java.util.jar.JarFile.getJarEntry(Ljava/lang/String;)Ljava/util/jar/JarEntry; @ 5
Event: 3.860 Thread 0x000000000bf15000 Uncommon trap: reason=bimorphic action=maybe_recompile pc=0x00000000032bebbc method=java.util.regex.Pattern$BmpCharProperty.match(Ljava/util/regex/Matcher;ILjava/lang/CharSequence;)Z @ 16
Event: 3.860 Thread 0x000000000bf15000 Uncommon trap: reason=bimorphic action=maybe_recompile pc=0x00000000032bebbc method=java.util.regex.Pattern$BmpCharProperty.match(Ljava/util/regex/Matcher;ILjava/lang/CharSequence;)Z @ 16
Event: 3.860 Thread 0x000000000bf15000 Uncommon trap: reason=bimorphic action=maybe_recompile pc=0x00000000032bebbc method=java.util.regex.Pattern$BmpCharProperty.match(Ljava/util/regex/Matcher;ILjava/lang/CharSequence;)Z @ 16
Event: 3.984 Thread 0x000000000bf15000 Uncommon trap: reason=bimorphic action=maybe_recompile pc=0x00000000032bebbc method=java.util.regex.Pattern$BmpCharProperty.match(Ljava/util/regex/Matcher;ILjava/lang/CharSequence;)Z @ 16

Internal exceptions (10 events):
Event: 2.800 Thread 0x000000000ec40800 Implicit null exception at 0x00000000032ebcf7 to 0x00000000032ec2ed
Event: 2.800 Thread 0x000000000ec40800 Threw 0x00000000e1474ec8 at C:\re\jdk8\5145\hotspot\src\share\vm\prims\jvm.cpp:1249
Event: 2.800 Thread 0x000000000ec40800 Threw 0x00000000e14764c8 at C:\re\jdk8\5145\hotspot\src\share\vm\prims\jvm.cpp:1249
Event: 6.140 Thread 0x000000000bf15000 Threw 0x00000000e19f1808 at C:\re\jdk8\5145\hotspot\src\share\vm\prims\jni.cpp:716
Event: 6.145 Thread 0x000000000bf15000 Threw 0x00000000e1a0d9f8 at C:\re\jdk8\5145\hotspot\src\share\vm\prims\jni.cpp:716
Event: 6.147 Thread 0x000000000bf15000 Threw 0x00000000e1c9f130 at C:\re\jdk8\5145\hotspot\src\share\vm\prims\jni.cpp:716
Event: 6.148 Thread 0x000000000bf15000 Threw 0x00000000e1ca45f0 at C:\re\jdk8\5145\hotspot\src\share\vm\prims\jni.cpp:716
Event: 6.152 Thread 0x000000000bf15000 Threw 0x00000000e1cc2708 at C:\re\jdk8\5145\hotspot\src\share\vm\prims\jni.cpp:716
Event: 6.154 Thread 0x000000000bf15000 Threw 0x00000000e1cc8660 at C:\re\jdk8\5145\hotspot\src\share\vm\prims\jni.cpp:716
Event: 6.156 Thread 0x000000000bf15000 Threw 0x00000000e1ccd430 at C:\re\jdk8\5145\hotspot\src\share\vm\interpreter\interpreterRuntime.cpp:337

Events (10 events):
Event: 6.137 Thread 0x000000000ed92800 Thread added: 0x000000000ed92800
Event: 6.155 loading class 0x000000000232d260
Event: 6.156 loading class 0x000000000232d260 done
Event: 6.156 loading class 0x000000000233c280
Event: 6.156 loading class 0x000000000233c4c0
Event: 6.156 loading class 0x000000000233c4c0 done
Event: 6.156 loading class 0x000000000233c280 done
Event: 6.156 loading class 0x000000000bf7e3b0
Event: 6.156 loading class 0x000000000bf7e3b0 done
Event: 6.175 Thread 0x000000000a084000 flushing nmethod 0x0000000003281850


Dynamic libraries:
0x000000013faf0000 - 0x000000013fb24000 	C:\Program Files\Java\jre8\bin\javaw.exe
0x00000000770c0000 - 0x000000007726b000 	C:\Windows\SYSTEM32\ntdll.dll
0x0000000076fa0000 - 0x00000000770bf000 	C:\Windows\system32\kernel32.dll
0x000007fefd110000 - 0x000007fefd17b000 	C:\Windows\system32\KERNELBASE.dll
0x000007fefd3f0000 - 0x000007fefd4cb000 	C:\Windows\system32\ADVAPI32.dll
0x000007fefdea0000 - 0x000007fefdf3f000 	C:\Windows\system32\msvcrt.dll
0x000007fefe540000 - 0x000007fefe55f000 	C:\Windows\SYSTEM32\sechost.dll
0x000007fefd7c0000 - 0x000007fefd8ee000 	C:\Windows\system32\RPCRT4.dll
0x0000000076ea0000 - 0x0000000076f9a000 	C:\Windows\system32\USER32.dll
0x000007fefdc60000 - 0x000007fefdcc7000 	C:\Windows\system32\GDI32.dll
0x000007fefd5a0000 - 0x000007fefd5ae000 	C:\Windows\system32\LPK.dll
0x000007fefe560000 - 0x000007fefe62a000 	C:\Windows\system32\USP10.dll
0x000007fefb5d0000 - 0x000007fefb7c4000 	C:\Windows\WinSxS\amd64_microsoft.windows.common-controls_6595b64144ccf1df_6.0.7600.16385_none_fa645303170382f6\COMCTL32.dll
0x000007fefe4c0000 - 0x000007fefe531000 	C:\Windows\system32\SHLWAPI.dll
0x000007fefdc30000 - 0x000007fefdc5e000 	C:\Windows\system32\IMM32.DLL
0x000007fefe3b0000 - 0x000007fefe4b9000 	C:\Windows\system32\MSCTF.dll
0x000000006bf20000 - 0x000000006bff1000 	C:\Program Files\Java\jre8\bin\msvcr100.dll
0x00000000668c0000 - 0x00000000670c2000 	C:\Program Files\Java\jre8\bin\server\jvm.dll
0x000007fef9e00000 - 0x000007fef9e09000 	C:\Windows\system32\WSOCK32.dll
0x000007fefe120000 - 0x000007fefe16d000 	C:\Windows\system32\WS2_32.dll
0x000007feff3c0000 - 0x000007feff3c8000 	C:\Windows\system32\NSI.dll
0x000007fefabf0000 - 0x000007fefac2b000 	C:\Windows\system32\WINMM.dll
0x0000000077280000 - 0x0000000077287000 	C:\Windows\system32\PSAPI.DLL
0x0000000074a00000 - 0x0000000074a0f000 	C:\Program Files\Java\jre8\bin\verify.dll
0x00000000749d0000 - 0x00000000749f8000 	C:\Program Files\Java\jre8\bin\java.dll
0x00000000746e0000 - 0x00000000746f6000 	C:\Program Files\Java\jre8\bin\zip.dll
0x000007fefe630000 - 0x000007feff3b6000 	C:\Windows\system32\SHELL32.dll
0x000007fefd5b0000 - 0x000007fefd7b1000 	C:\Windows\system32\ole32.dll
0x000007fefd020000 - 0x000007fefd02f000 	C:\Windows\system32\profapi.dll
0x0000000066860000 - 0x0000000066886000 	C:\Program Files\Java\jre8\bin\prism-d3d.dll
0x000007fedea90000 - 0x000007fedec8f000 	C:\Windows\system32\d3d9.dll
0x000007fefc1b0000 - 0x000007fefc1bc000 	C:\Windows\system32\VERSION.dll
0x000007fefbf50000 - 0x000007fefbf57000 	C:\Windows\system32\d3d8thk.dll
0x000007fefaaf0000 - 0x000007fefab08000 	C:\Windows\system32\dwmapi.dll
0x000007fefb370000 - 0x000007fefb3c6000 	C:\Windows\system32\uxtheme.dll
0x000007fef7dd0000 - 0x000007fef7f13000 	C:\Windows\system32\aticfx64.dll
0x000007fefa060000 - 0x000007fefa080000 	C:\Windows\system32\atiu9p64.dll
0x000007fedce60000 - 0x000007fede85b000 	C:\Windows\system32\igdumdim64.dll
0x000007fef5e60000 - 0x000007fef62ae000 	C:\Windows\system32\igdusc64.dll
0x000007fedc6f0000 - 0x000007fedce55000 	C:\Windows\system32\atiumd64.dll
0x0000000066820000 - 0x000000006685b000 	C:\Program Files\Java\jre8\bin\glass.dll
0x000007fefdcd0000 - 0x000007fefdd68000 	C:\Windows\system32\COMDLG32.dll
0x000007fefd8f0000 - 0x000007fefd9c7000 	C:\Windows\system32\OLEAUT32.dll
0x000007fefcf10000 - 0x000007fefcf1f000 	C:\Windows\system32\CRYPTBASE.dll
0x0000000066780000 - 0x0000000066812000 	C:\Program Files\Java\jre8\bin\libxml2.dll
0x0000000066740000 - 0x0000000066773000 	C:\Program Files\Java\jre8\bin\libxslt.dll
0x00000000612f0000 - 0x0000000062591000 	C:\Program Files\Java\jre8\bin\jfxwebkit.dll
0x000007fefca90000 - 0x000007fefcaa7000 	C:\Windows\system32\CRYPTSP.dll
0x000007fefc5b0000 - 0x000007fefc5f7000 	C:\Windows\system32\rsaenh.dll
0x00000000746c0000 - 0x00000000746d9000 	C:\Program Files\Java\jre8\bin\net.dll
0x000007fefc840000 - 0x000007fefc894000 	C:\Windows\system32\mswsock.dll
0x000007fefca00000 - 0x000007fefca07000 	C:\Windows\System32\wship6.dll
0x000007fefbfa0000 - 0x000007fefbfa7000 	C:\Windows\System32\wshtcpip.dll
0x000007fefc6d0000 - 0x000007fefc72b000 	C:\Windows\system32\DNSAPI.dll
0x000007fefc180000 - 0x000007fefc1a7000 	C:\Windows\system32\IPHLPAPI.DLL
0x000007fefc170000 - 0x000007fefc17b000 	C:\Windows\system32\WINNSI.DLL
0x000007fef8980000 - 0x000007fef8988000 	C:\Windows\system32\rasadhlp.dll
0x000007fefa800000 - 0x000007fefa853000 	C:\Windows\System32\fwpuclnt.dll
0x000007fefe170000 - 0x000007fefe209000 	C:\Windows\system32\CLBCatQ.DLL
0x000007fefa920000 - 0x000007fefaa4a000 	C:\Windows\system32\WindowsCodecs.dll
0x000007fefceb0000 - 0x000007fefcf07000 	C:\Windows\system32\apphelp.dll
0x000007fef8820000 - 0x000007fef8855000 	C:\Windows\system32\EhStorShell.dll
0x000007fefdf40000 - 0x000007fefe117000 	C:\Windows\system32\SETUPAPI.dll
0x000007fefd0d0000 - 0x000007fefd106000 	C:\Windows\system32\CFGMGR32.dll
0x000007fefd1c0000 - 0x000007fefd1da000 	C:\Windows\system32\DEVOBJ.dll
0x000007fefb4a0000 - 0x000007fefb5cc000 	C:\Windows\system32\PROPSYS.dll
0x000007fef8140000 - 0x000007fef87b2000 	C:\PROGRA~1\MICROS~1\Office14\GROOVEEX.DLL
0x0000000074d40000 - 0x0000000074de3000 	C:\Windows\WinSxS\amd64_microsoft.vc90.crt_1fc8b3b9a1e18e3b_9.0.30729.7523_none_08e1eaf5a83f8ea2\MSVCR90.dll
0x00000000731e0000 - 0x00000000732b3000 	C:\Windows\WinSxS\amd64_microsoft.vc90.crt_1fc8b3b9a1e18e3b_9.0.30729.7523_none_08e1eaf5a83f8ea2\MSVCP90.dll
0x0000000073100000 - 0x000000007312f000 	C:\Windows\WinSxS\amd64_microsoft.vc90.atl_1fc8b3b9a1e18e3b_9.0.30729.7523_none_0a1ba641a76c84e6\ATL90.DLL
0x000007fef52a0000 - 0x000007fef56af000 	C:\PROGRA~1\COMMON~1\MICROS~1\OFFICE14\Cultures\office.odf
0x000007fef49b0000 - 0x000007fef5214000 	C:\PROGRA~1\MICROS~1\Office14\1033\GrooveIntlResource.dll
0x000007fef9080000 - 0x000007fef9089000 	C:\Program Files (x86)\Internet Download Manager\IDMShellExt64.dll
0x000007fef7ff0000 - 0x000007fef806e000 	C:\Windows\System32\cscui.dll
0x000007fef9070000 - 0x000007fef907c000 	C:\Windows\System32\CSCDLL.dll
0x000007fef9090000 - 0x000007fef909f000 	C:\Windows\system32\CSCAPI.dll
0x000007fef5de0000 - 0x000007fef5e60000 	C:\Windows\system32\ntshrui.dll
0x000007fefcb30000 - 0x000007fefcb53000 	C:\Windows\system32\srvcli.dll
0x000007fefb200000 - 0x000007fefb20b000 	C:\Windows\system32\slc.dll
0x000007fee3240000 - 0x000007fee326d000 	C:\Program Files\Common Files\Microsoft Shared\Ink\rtscom.dll
0x0000000067400000 - 0x0000000067412000 	C:\Program Files\Java\jre8\bin\javafx-font.dll
0x000007feec4a0000 - 0x000007feec61b000 	C:\Windows\system32\dwrite.dll
0x00000000641e0000 - 0x0000000064204000 	C:\Program Files\Java\jre8\bin\sunec.dll
0x000007fefc440000 - 0x000007fefc45e000 	C:\Windows\system32\USERENV.dll
0x000007fefb430000 - 0x000007fefb445000 	C:\Windows\system32\NLAapi.dll
0x000007feea820000 - 0x000007feea82b000 	C:\Windows\System32\winrnr.dll
0x000007feea800000 - 0x000007feea815000 	C:\Windows\system32\napinsp.dll
0x000007feea7e0000 - 0x000007feea7f9000 	C:\Windows\system32\pnrpnsp.dll
0x000007fef28a0000 - 0x000007fef28b0000 	C:\Windows\system32\wshbth.dll
0x00000000746a0000 - 0x00000000746b1000 	C:\Program Files\Java\jre8\bin\nio.dll
0x00000000723d0000 - 0x00000000723e0000 	C:\Program Files\Java\jre8\bin\prism-common.dll
0x000007feec620000 - 0x000007feec745000 	C:\Windows\system32\dbghelp.dll

VM Arguments:
jvm_args: -Dfile.encoding=Cp1252 
java_command: JEditorPaneTest
java_class_path (initial): D:\Techno-Bit\Java Project\Military Networks\bin;C:\Users\admin\Desktop\Random.jar;C:\Program Files\Java\jre8\lib\rt.jar;C:\Users\admin\Desktop\javafx-0.2-sources.jar
Launcher Type: SUN_STANDARD

Environment Variables:
PATH=C:\Windows\system32;C:\Windows;C:\Windows\System32\Wbem;C:\Windows\System32\WindowsPowerShell\v1.0\;C:\Program Files\Java\jdk1.8.0\bin;C:\Program Files\Java\jre8\bin;C:\Program Files (x86)\Java\jdk1.7.0_45\bin;C:\Program Files (x86)\Java\jdk1.7.0_45\jre\bin;C:\Program Files (x86)\Microsoft SQL Server\100\Tools\Binn\;C:\Program Files\Microsoft SQL Server\100\Tools\Binn\;C:\Program Files\Microsoft SQL Server\100\DTS\Binn\;C:\Program Files\Git\cmd;C:\Program Files\nodejs\;C:\Program Files\Microsoft VS Code\bin;C:\Users\admin\AppData\Roaming\npm
USERNAME=shree
OS=Windows_NT
PROCESSOR_IDENTIFIER=Intel64 Family 6 Model 69 Stepping 1, GenuineIntel



---------------  S Y S T E M  ---------------

OS: Windows 7 , 64 bit Build 7600 

CPU:total 4 (2 cores per cpu, 2 threads per core) family 6 model 69 stepping 1, cmov, cx8, fxsr, mmx, sse, sse2, sse3, ssse3, sse4.1, sse4.2, popcnt, aes, clmul, erms, ht, tsc, tscinvbit

Memory: 4k page, physical 6185328k(1669772k free), swap 12368760k(7117192k free)

vm_info: Java HotSpot(TM) 64-Bit Server VM (25.0-b41) for windows-amd64 JRE (1.8.0-ea-b99), built on Jul 18 2013 07:54:56 by "java_re" with MS VC++ 10.0 (VS2010)

time: Wed Jan 31 12:45:55 2018
elapsed time: 6 seconds

